0 verbose cli C:\Program Files\nodejs\node.exe C:\Program Files\nodejs\node_modules\npm\bin\npm-cli.js
1 info using npm@9.4.0
2 info using node@v19.6.0
3 timing npm:load:whichnode Completed in 1ms
4 timing config:load:defaults Completed in 2ms
5 timing config:load:file:C:\Program Files\nodejs\node_modules\npm\npmrc Completed in 1ms
6 timing config:load:builtin Completed in 1ms
7 timing config:load:cli Completed in 2ms
8 timing config:load:env Completed in 0ms
9 timing config:load:file:C:\Openclassromms_projets_Marwa_FRAWES\Anciens\P6_Piquante_Marwa_FRAWES\P6vide\Backend\.npmrc Completed in 0ms
10 timing config:load:project Completed in 2ms
11 timing config:load:file:C:\Users\PC\.npmrc Completed in 0ms
12 timing config:load:user Completed in 0ms
13 timing config:load:file:C:\Users\PC\AppData\Roaming\npm\etc\npmrc Completed in 1ms
14 timing config:load:global Completed in 1ms
15 timing config:load:setEnvs Completed in 0ms
16 timing config:load Completed in 9ms
17 timing npm:load:configload Completed in 9ms
18 timing npm:load:mkdirpcache Completed in 1ms
19 timing npm:load:mkdirplogs Completed in 1ms
20 verbose title npm install
21 verbose argv "install" "--cache" "path/to/some/folder"
22 timing npm:load:setTitle Completed in 1ms
23 timing config:load:flatten Completed in 3ms
24 timing npm:load:display Completed in 4ms
25 verbose logfile logs-max:10 dir:C:\Openclassromms_projets_Marwa_FRAWES\Anciens\P6_Piquante_Marwa_FRAWES\P6vide\Backend\path\to\some\folder\_logs\2023-03-09T20_01_18_960Z-
26 verbose logfile C:\Openclassromms_projets_Marwa_FRAWES\Anciens\P6_Piquante_Marwa_FRAWES\P6vide\Backend\path\to\some\folder\_logs\2023-03-09T20_01_18_960Z-debug-0.log
27 timing npm:load:logFile Completed in 10ms
28 timing npm:load:timers Completed in 0ms
29 timing npm:load:configScope Completed in 0ms
30 timing npm:load Completed in 27ms
31 timing arborist:ctor Completed in 0ms
32 silly logfile done cleaning log files
33 timing idealTree:init Completed in 85ms
34 timing idealTree:userRequests Completed in 0ms
35 silly idealTree buildDeps
36 timing idealTree:#root Completed in 0ms
37 timing idealTree:buildDeps Completed in 1ms
38 timing idealTree:fixDepFlags Completed in 0ms
39 timing idealTree Completed in 90ms
40 timing arborist:ctor Completed in 0ms
41 timing reify:loadTrees Completed in 128ms
42 timing reify:diffTrees Completed in 5ms
43 silly reify moves {}
44 timing reify:retireShallow Completed in 1ms
45 timing reify:createSparse Completed in 2ms
46 timing reify:loadBundles Completed in 1ms
47 silly audit bulk request {
47 silly audit   '@types/node': [ '18.14.4' ],
47 silly audit   '@types/webidl-conversions': [ '7.0.0' ],
47 silly audit   '@types/whatwg-url': [ '8.2.2' ],
47 silly audit   abbrev: [ '1.1.1' ],
47 silly audit   accepts: [ '1.3.8' ],
47 silly audit   anymatch: [ '3.1.3' ],
47 silly audit   'array-flatten': [ '1.1.1' ],
47 silly audit   'balanced-match': [ '1.0.2' ],
47 silly audit   'binary-extensions': [ '2.2.0' ],
47 silly audit   'body-parser': [ '1.20.1' ],
47 silly audit   debug: [ '2.6.9', '3.2.7', '4.3.4' ],
47 silly audit   ms: [ '2.0.0', '2.1.2', '2.1.3' ],
47 silly audit   'brace-expansion': [ '1.1.11' ],
47 silly audit   braces: [ '3.0.2' ],
47 silly audit   bson: [ '5.0.1' ],
47 silly audit   bytes: [ '3.1.2' ],
47 silly audit   'call-bind': [ '1.0.2' ],
47 silly audit   chokidar: [ '3.5.3' ],
47 silly audit   'concat-map': [ '0.0.1' ],
47 silly audit   'content-disposition': [ '0.5.4' ],
47 silly audit   'content-type': [ '1.0.5' ],
47 silly audit   cookie: [ '0.5.0' ],
47 silly audit   'cookie-session': [ '2.0.0' ],
47 silly audit   'cookie-signature': [ '1.0.6' ],
47 silly audit   cookies: [ '0.8.0' ],
47 silly audit   depd: [ '2.0.0' ],
47 silly audit   destroy: [ '1.2.0' ],
47 silly audit   'ee-first': [ '1.1.1' ],
47 silly audit   encodeurl: [ '1.0.2' ],
47 silly audit   'escape-html': [ '1.0.3' ],
47 silly audit   etag: [ '1.8.1' ],
47 silly audit   express: [ '4.18.2' ],
47 silly audit   'fill-range': [ '7.0.1' ],
47 silly audit   finalhandler: [ '1.2.0' ],
47 silly audit   forwarded: [ '0.2.0' ],
47 silly audit   fresh: [ '0.5.2' ],
47 silly audit   fsevents: [ '2.3.2' ],
47 silly audit   'function-bind': [ '1.1.1' ],
47 silly audit   'get-intrinsic': [ '1.2.0' ],
47 silly audit   'glob-parent': [ '5.1.2' ],
47 silly audit   has: [ '1.0.3' ],
47 silly audit   'has-flag': [ '3.0.0' ],
47 silly audit   'has-symbols': [ '1.0.3' ],
47 silly audit   helmet: [ '6.0.1' ],
47 silly audit   'http-errors': [ '2.0.0' ],
47 silly audit   'iconv-lite': [ '0.4.24' ],
47 silly audit   'ignore-by-default': [ '1.0.1' ],
47 silly audit   inherits: [ '2.0.4' ],
47 silly audit   ip: [ '2.0.0' ],
47 silly audit   'ipaddr.js': [ '1.9.1' ],
47 silly audit   'is-binary-path': [ '2.1.0' ],
47 silly audit   'is-extglob': [ '2.1.1' ],
47 silly audit   'is-glob': [ '4.0.3' ],
47 silly audit   'is-number': [ '7.0.0' ],
47 silly audit   kareem: [ '2.5.1' ],
47 silly audit   keygrip: [ '1.1.0' ],
47 silly audit   'media-typer': [ '0.3.0' ],
47 silly audit   'memory-pager': [ '1.5.0' ],
47 silly audit   'merge-descriptors': [ '1.0.1' ],
47 silly audit   methods: [ '1.1.2' ],
47 silly audit   mime: [ '1.6.0' ],
47 silly audit   'mime-db': [ '1.52.0' ],
47 silly audit   'mime-types': [ '2.1.35' ],
47 silly audit   minimatch: [ '3.1.2' ],
47 silly audit   mongodb: [ '5.1.0' ],
47 silly audit   'mongodb-connection-string-url': [ '2.6.0' ],
47 silly audit   mongoose: [ '7.0.0' ],
47 silly audit   mpath: [ '0.9.0' ],
47 silly audit   mquery: [ '5.0.0' ],
47 silly audit   negotiator: [ '0.6.3' ],
47 silly audit   nodemon: [ '2.0.21' ],
47 silly audit   nopt: [ '1.0.10' ],
47 silly audit   'normalize-path': [ '3.0.0' ],
47 silly audit   'object-inspect': [ '1.12.3' ],
47 silly audit   'on-finished': [ '2.4.1' ],
47 silly audit   'on-headers': [ '1.0.2' ],
47 silly audit   parseurl: [ '1.3.3' ],
47 silly audit   'path-to-regexp': [ '0.1.7' ],
47 silly audit   picomatch: [ '2.3.1' ],
47 silly audit   'proxy-addr': [ '2.0.7' ],
47 silly audit   'pstree.remy': [ '1.1.8' ],
47 silly audit   punycode: [ '2.3.0' ],
47 silly audit   qs: [ '6.11.0' ],
47 silly audit   'range-parser': [ '1.2.1' ],
47 silly audit   'raw-body': [ '2.5.1' ],
47 silly audit   readdirp: [ '3.6.0' ],
47 silly audit   'safe-buffer': [ '5.2.1' ],
47 silly audit   'safer-buffer': [ '2.1.2' ],
47 silly audit   saslprep: [ '1.0.3' ],
47 silly audit   semver: [ '5.7.1', '7.0.0' ],
47 silly audit   send: [ '0.18.0' ],
47 silly audit   'serve-static': [ '1.15.0' ],
47 silly audit   setprototypeof: [ '1.2.0' ],
47 silly audit   'side-channel': [ '1.0.4' ],
47 silly audit   sift: [ '16.0.1' ],
47 silly audit   'simple-update-notifier': [ '1.1.0' ],
47 silly audit   'smart-buffer': [ '4.2.0' ],
47 silly audit   socks: [ '2.7.1' ],
47 silly audit   'sparse-bitfield': [ '3.0.3' ],
47 silly audit   statuses: [ '2.0.1' ],
47 silly audit   'supports-color': [ '5.5.0' ],
47 silly audit   'to-regex-range': [ '5.0.1' ],
47 silly audit   toidentifier: [ '1.0.1' ],
47 silly audit   touch: [ '3.1.0' ],
47 silly audit   tr46: [ '3.0.0' ],
47 silly audit   tsscmp: [ '1.0.6' ],
47 silly audit   'type-is': [ '1.6.18' ],
47 silly audit   undefsafe: [ '2.0.5' ],
47 silly audit   unpipe: [ '1.0.0' ],
47 silly audit   'utils-merge': [ '1.0.1' ],
47 silly audit   vary: [ '1.1.2' ],
47 silly audit   'webidl-conversions': [ '7.0.0' ],
47 silly audit   'whatwg-url': [ '11.0.0' ]
47 silly audit }
48 verbose reify failed optional dependency C:\Openclassromms_projets_Marwa_FRAWES\Anciens\P6_Piquante_Marwa_FRAWES\P6vide\Backend\node_modules\fsevents
49 silly reify mark deleted [
49 silly reify   'C:\\Openclassromms_projets_Marwa_FRAWES\\Anciens\\P6_Piquante_Marwa_FRAWES\\P6vide\\Backend\\node_modules\\fsevents'
49 silly reify ]
50 timing reifyNode:node_modules/fsevents Completed in 3ms
51 timing reify:unpack Completed in 3ms
52 timing reify:unretire Completed in 1ms
53 timing build:queue Completed in 2ms
54 timing build:deps Completed in 2ms
55 timing build Completed in 2ms
56 timing reify:build Completed in 2ms
57 timing reify:trash Completed in 1ms
58 timing reify:save Completed in 25ms
59 http fetch POST 200 https://registry.npmjs.org/-/npm/v1/security/advisories/bulk 303ms
60 timing auditReport:getReport Completed in 306ms
61 silly audit report {}
62 timing auditReport:init Completed in 0ms
63 timing reify:audit Completed in 306ms
64 timing reify Completed in 493ms
65 silly ADD
66 timing command:install Completed in 505ms
67 verbose exit 0
68 timing npm Completed in 551ms
69 info ok
